build/app/intermediates/manifest_merge_blame_file/release/manifest-merger-blame-release-report.txt
1<?xml version="1.0" encoding="utf-8"?>
2<manifest xmlns:android="http://schemas.android.com/apk/res/android"
3    package="com.eatozfood_user"
4    android:versionCode="11"
5    android:versionName="3.0.0" >
6
7    <uses-sdk
8        android:minSdkVersion="21"
8-->src\main\AndroidManifest.xml
9        android:targetSdkVersion="33" />
9-->src\main\AndroidManifest.xml
10
11    <uses-permission android:name="android.permission.INTERNET" />
11-->src\main\AndroidManifest.xml:4:5-67
11-->src\main\AndroidManifest.xml:4:22-64
12    <uses-permission android:name="android.permission.WRITE_EXTERNAL_STORAGE" />
12-->src\main\AndroidManifest.xml:5:5-81
12-->src\main\AndroidManifest.xml:5:22-78
13    <uses-permission android:name="android.permission.ACCESS_FINE_LOCATION" />
13-->src\main\AndroidManifest.xml:6:5-79
13-->src\main\AndroidManifest.xml:6:22-76
14    <uses-permission android:name="android.permission.READ_EXTERNAL_STORAGE" />
14-->src\main\AndroidManifest.xml:7:5-80
14-->src\main\AndroidManifest.xml:7:22-77
15    <uses-permission android:name="android.permission.ACCESS_COARSE_LOCATION" />
15-->src\main\AndroidManifest.xml:8:5-81
15-->src\main\AndroidManifest.xml:8:22-78
16    <uses-permission android:name="android.permission.RECORD_AUDIO" />
16-->src\main\AndroidManifest.xml:9:5-71
16-->src\main\AndroidManifest.xml:9:22-68
17
18    <queries>
18-->src\main\AndroidManifest.xml:11:5-15:15
19        <intent>
19-->src\main\AndroidManifest.xml:12:9-14:18
20            <action android:name="android.speech.RecognitionService" />
20-->src\main\AndroidManifest.xml:13:13-72
20-->src\main\AndroidManifest.xml:13:21-69
21        </intent>
22        <intent>
22-->[:file_picker] AndroidManifest.xml:10:9-14:18
23            <action android:name="android.intent.action.GET_CONTENT" />
23-->[:file_picker] AndroidManifest.xml:11:13-72
23-->[:file_picker] AndroidManifest.xml:11:21-69
24
25            <data android:mimeType="*/*" />
25-->[:file_picker] AndroidManifest.xml:13:13-44
25-->[:file_picker] AndroidManifest.xml:13:19-41
26        </intent>
27        <intent>
27-->[:flutter_inappwebview] AndroidManifest.xml:8:9-10:18
28            <action android:name="android.support.customtabs.action.CustomTabsService" />
28-->[:flutter_inappwebview] AndroidManifest.xml:9:13-90
28-->[:flutter_inappwebview] AndroidManifest.xml:9:21-87
29        </intent>
30        <intent>
30-->[:flutter_downloader] AndroidManifest.xml:9:9-11:18
31            <action android:name="android.intent.action.VIEW" />
31-->[:stripe_payment] AndroidManifest.xml:27:17-69
31-->[:stripe_payment] AndroidManifest.xml:27:25-66
32        </intent> <!-- Added to check if Chrome is installed for browser-based payment authentication (e.g. 3DS1). -->
33        <package android:name="com.android.chrome" />
33-->[com.stripe:payments-core:16.10.0] AndroidManifest.xml:13:9-54
33-->[com.stripe:payments-core:16.10.0] AndroidManifest.xml:13:18-51
34
35        <intent>
35-->[com.razorpay:checkout:1.6.30] AndroidManifest.xml:11:9-17:18
36            <action android:name="android.intent.action.VIEW" />
36-->[:stripe_payment] AndroidManifest.xml:27:17-69
36-->[:stripe_payment] AndroidManifest.xml:27:25-66
37
38            <data
38-->[:file_picker] AndroidManifest.xml:13:13-44
39                android:mimeType="*/*"
39-->[:file_picker] AndroidManifest.xml:13:19-41
40                android:scheme="*" />
41        </intent>
42        <intent>
42-->[com.razorpay:checkout:1.6.30] AndroidManifest.xml:18:9-27:18
43            <action android:name="android.intent.action.VIEW" />
43-->[:stripe_payment] AndroidManifest.xml:27:17-69
43-->[:stripe_payment] AndroidManifest.xml:27:25-66
44
45            <category android:name="android.intent.category.BROWSABLE" />
45-->[:stripe_payment] AndroidManifest.xml:30:17-78
45-->[:stripe_payment] AndroidManifest.xml:30:27-75
46
47            <data
47-->[:file_picker] AndroidManifest.xml:13:13-44
48                android:host="pay"
49                android:mimeType="*/*"
49-->[:file_picker] AndroidManifest.xml:13:19-41
50                android:scheme="upi" />
51        </intent>
52        <intent>
52-->[com.razorpay:checkout:1.6.30] AndroidManifest.xml:28:9-30:18
53            <action android:name="android.intent.action.MAIN" />
53-->src\main\AndroidManifest.xml:49:17-69
53-->src\main\AndroidManifest.xml:49:25-66
54        </intent>
55        <intent>
55-->[com.razorpay:checkout:1.6.30] AndroidManifest.xml:31:9-35:18
56            <action android:name="android.intent.action.SEND" />
56-->[com.razorpay:checkout:1.6.30] AndroidManifest.xml:32:13-65
56-->[com.razorpay:checkout:1.6.30] AndroidManifest.xml:32:21-62
57
58            <data android:mimeType="*/*" />
58-->[:file_picker] AndroidManifest.xml:13:13-44
58-->[:file_picker] AndroidManifest.xml:13:19-41
59        </intent>
60        <intent>
60-->[com.razorpay:checkout:1.6.30] AndroidManifest.xml:36:9-38:18
61            <action android:name="rzp.device_token.share" />
61-->[com.razorpay:checkout:1.6.30] AndroidManifest.xml:37:13-61
61-->[com.razorpay:checkout:1.6.30] AndroidManifest.xml:37:21-58
62        </intent> <!-- Specific apps you interact with, eg: -->
63        <package android:name="com.paytm.pgsdk.TransactionManager.PAYTM_APP_PACKAGE" /> <!-- Needs to be explicitly declared on Android R+ -->
63-->[com.paytm.appinvokesdk:appinvokesdk:1.6.4] AndroidManifest.xml:12:9-88
63-->[com.paytm.appinvokesdk:appinvokesdk:1.6.4] AndroidManifest.xml:12:18-85
64        <package android:name="com.google.android.apps.maps" />
64-->[com.google.android.gms:play-services-maps:18.0.2] AndroidManifest.xml:33:9-64
64-->[com.google.android.gms:play-services-maps:18.0.2] AndroidManifest.xml:33:18-61
65    </queries>
66
67    <uses-permission android:name="android.permission.WAKE_LOCK" />
67-->[:firebase_messaging] AndroidManifest.xml:8:5-68
67-->[:firebase_messaging] AndroidManifest.xml:8:22-65
68    <uses-permission android:name="android.permission.ACCESS_NETWORK_STATE" />
68-->[:firebase_messaging] AndroidManifest.xml:9:5-79
68-->[:firebase_messaging] AndroidManifest.xml:9:22-76
69    <uses-permission android:name="android.permission.FOREGROUND_SERVICE" />
69-->[:geolocator_android] AndroidManifest.xml:7:5-77
69-->[:geolocator_android] AndroidManifest.xml:7:22-74
70    <uses-permission android:name="android.permission.RECEIVE_BOOT_COMPLETED" />
70-->[:flutter_local_notifications] AndroidManifest.xml:7:5-81
70-->[:flutter_local_notifications] AndroidManifest.xml:7:22-78
71    <uses-permission android:name="android.permission.VIBRATE" />
71-->[:flutter_local_notifications] AndroidManifest.xml:8:5-66
71-->[:flutter_local_notifications] AndroidManifest.xml:8:22-63
72    <uses-permission android:name="android.permission.USE_FULL_SCREEN_INTENT" />
72-->[:flutter_local_notifications] AndroidManifest.xml:9:5-81
72-->[:flutter_local_notifications] AndroidManifest.xml:9:22-78
73    <uses-permission android:name="android.permission.SCHEDULE_EXACT_ALARM" />
73-->[:flutter_local_notifications] AndroidManifest.xml:10:5-79
73-->[:flutter_local_notifications] AndroidManifest.xml:10:22-76
74    <uses-permission android:name="android.permission.POST_NOTIFICATIONS" />
74-->[:flutter_local_notifications] AndroidManifest.xml:11:5-77
74-->[:flutter_local_notifications] AndroidManifest.xml:11:22-74
75    <uses-permission android:name="android.permission.BLUETOOTH_CONNECT" />
75-->[:speech_to_text] AndroidManifest.xml:7:5-76
75-->[:speech_to_text] AndroidManifest.xml:7:22-73
76    <uses-permission android:name="android.permission.REQUEST_INSTALL_PACKAGES" /> <!-- Required by older versions of Google Play services to create IID tokens -->
76-->[:open_file] AndroidManifest.xml:8:5-83
76-->[:open_file] AndroidManifest.xml:8:22-80
77    <uses-permission android:name="com.google.android.c2dm.permission.RECEIVE" />
77-->[com.google.firebase:firebase-messaging:23.0.8] AndroidManifest.xml:29:5-82
77-->[com.google.firebase:firebase-messaging:23.0.8] AndroidManifest.xml:29:22-79
78    <uses-permission android:name="android.permission.READ_PHONE_STATE" />
78-->[com.paytm.easypay:easypay-appinvoke:1.7.3] AndroidManifest.xml:10:5-75
78-->[com.paytm.easypay:easypay-appinvoke:1.7.3] AndroidManifest.xml:10:22-72
79
80    <uses-feature
80-->[com.google.android.gms:play-services-maps:18.0.2] AndroidManifest.xml:26:5-28:35
81        android:glEsVersion="0x00020000"
81-->[com.google.android.gms:play-services-maps:18.0.2] AndroidManifest.xml:27:9-41
82        android:required="true" />
82-->[com.google.android.gms:play-services-maps:18.0.2] AndroidManifest.xml:28:9-32
83
84    <application
84-->src\main\AndroidManifest.xml:16:5-63:19
85        android:appComponentFactory="androidx.core.app.CoreComponentFactory"
85-->[androidx.core:core:1.8.0] AndroidManifest.xml:24:18-86
86        android:exported="true"
86-->src\main\AndroidManifest.xml:20:9-32
87        android:icon="@mipmap/ic_launcher"
87-->src\main\AndroidManifest.xml:17:9-43
88        android:label="Eatoz Food"
88-->src\main\AndroidManifest.xml:18:9-35
89        android:theme="@style/Theme.AppCompat.Light.NoActionBar"
89-->[:stripe_payment] AndroidManifest.xml:11:18-74
90        android:usesCleartextTraffic="true" >
90-->src\main\AndroidManifest.xml:19:9-44
91        <meta-data
91-->src\main\AndroidManifest.xml:22:9-123
92            android:name="com.google.android.geo.API_KEY"
92-->src\main\AndroidManifest.xml:22:20-65
93            android:value="AIzaSyBq52y-MtlJa6wtmzZ1XIz3LTbwBpaWXuU" />
93-->src\main\AndroidManifest.xml:22:66-121
94
95        <activity
95-->src\main\AndroidManifest.xml:23:9-56:20
96            android:name="com.eatozfood_user.MainActivity"
96-->src\main\AndroidManifest.xml:24:13-41
97            android:configChanges="orientation|keyboardHidden|keyboard|screenSize|smallestScreenSize|locale|layoutDirection|fontScale|screenLayout|density|uiMode"
97-->src\main\AndroidManifest.xml:25:13-163
98            android:exported="true"
98-->src\main\AndroidManifest.xml:29:13-36
99            android:hardwareAccelerated="true"
99-->src\main\AndroidManifest.xml:26:13-47
100            android:launchMode="singleTop"
100-->src\main\AndroidManifest.xml:27:13-43
101            android:theme="@style/LaunchTheme"
101-->src\main\AndroidManifest.xml:28:13-47
102            android:windowSoftInputMode="adjustResize" >
102-->src\main\AndroidManifest.xml:30:13-55
103
104            <!--
105                 Specifies an Android theme to apply to this Activity as soon as
106                 the Android process has started. This theme is visible to the user
107                 while the Flutter UI initializes. After that, this theme continues
108                 to determine the Window background behind the Flutter UI.
109            -->
110            <meta-data
110-->src\main\AndroidManifest.xml:36:13-38:57
111                android:name="io.flutter.embedding.android.NormalTheme"
111-->src\main\AndroidManifest.xml:37:17-72
112                android:resource="@style/NormalTheme" />
112-->src\main\AndroidManifest.xml:38:17-54
113            <!--
114                 Displays an Android View that continues showing the launch screen
115                 Drawable until Flutter paints its first frame, then this splash
116                 screen fades out. A splash screen is useful to avoid any visual
117                 gap between the end of Android's launch screen and the painting of
118                 Flutter's first frame.
119            -->
120            <!--
121                <meta-data
122                android:name="io.flutter.embedding.android.SplashScreenDrawable"
123                android:resource="@drawable/launch_background" />
124            -->
125
126            <intent-filter>
126-->src\main\AndroidManifest.xml:48:13-51:29
127                <action android:name="android.intent.action.MAIN" />
127-->src\main\AndroidManifest.xml:49:17-69
127-->src\main\AndroidManifest.xml:49:25-66
128
129                <category android:name="android.intent.category.LAUNCHER" />
129-->src\main\AndroidManifest.xml:50:17-77
129-->src\main\AndroidManifest.xml:50:27-74
130            </intent-filter>
131            <intent-filter>
131-->src\main\AndroidManifest.xml:52:13-55:29
132                <action android:name="FLUTTER_NOTIFICATION_CLICK" />
132-->src\main\AndroidManifest.xml:53:17-69
132-->src\main\AndroidManifest.xml:53:25-66
133
134                <category android:name="android.intent.category.DEFAULT" />
134-->src\main\AndroidManifest.xml:54:17-76
134-->src\main\AndroidManifest.xml:54:27-73
135            </intent-filter>
136        </activity>
137        <activity
137-->src\main\AndroidManifest.xml:57:9-117
138            android:name="com.stripe.android.payments.StripeBrowserLauncherActivity"
138-->src\main\AndroidManifest.xml:57:19-91
139            android:exported="true"
139-->src\main\AndroidManifest.xml:57:92-115
140            android:launchMode="singleTop"
140-->[com.stripe:payments-core:16.10.0] AndroidManifest.xml:40:13-43
141            android:theme="@style/StripeTransparentTheme" >
141-->[com.stripe:payments-core:16.10.0] AndroidManifest.xml:41:13-58
142            <intent-filter>
142-->[com.stripe:payments-core:16.10.0] AndroidManifest.xml:42:13-53:29
143                <action android:name="android.intent.action.VIEW" />
143-->[:stripe_payment] AndroidManifest.xml:27:17-69
143-->[:stripe_payment] AndroidManifest.xml:27:25-66
144
145                <category android:name="android.intent.category.DEFAULT" />
145-->src\main\AndroidManifest.xml:54:17-76
145-->src\main\AndroidManifest.xml:54:27-73
146                <category android:name="android.intent.category.BROWSABLE" />
146-->[:stripe_payment] AndroidManifest.xml:30:17-78
146-->[:stripe_payment] AndroidManifest.xml:30:27-75
147
148                <!-- Must match `DefaultReturnUrl#value`. -->
149                <data
149-->[:file_picker] AndroidManifest.xml:13:13-44
150                    android:host="payment_return_url"
151                    android:path="/com.eatozfood_user"
152                    android:scheme="stripesdk" />
153            </intent-filter>
154        </activity>
155        <!--
156             Don't delete the meta-data below.
157             This is used by the Flutter tool to generate GeneratedPluginRegistrant.java
158        -->
159        <meta-data
159-->src\main\AndroidManifest.xml:60:9-62:33
160            android:name="flutterEmbedding"
160-->src\main\AndroidManifest.xml:61:13-44
161            android:value="2" />
161-->src\main\AndroidManifest.xml:62:13-30
162
163        <service
163-->[:firebase_database] AndroidManifest.xml:8:9-12:19
164            android:name="com.google.firebase.components.ComponentDiscoveryService"
164-->[:firebase_database] AndroidManifest.xml:8:18-89
165            android:directBootAware="true"
165-->[com.google.firebase:firebase-common:20.1.2] AndroidManifest.xml:35:13-43
166            android:exported="false" >
166-->[com.google.firebase:firebase-messaging:23.0.8] AndroidManifest.xml:55:13-37
167            <meta-data
167-->[:firebase_database] AndroidManifest.xml:9:13-11:85
168                android:name="com.google.firebase.components:io.flutter.plugins.firebase.database.FlutterFirebaseAppRegistrar"
168-->[:firebase_database] AndroidManifest.xml:10:17-127
169                android:value="com.google.firebase.components.ComponentRegistrar" />
169-->[:firebase_database] AndroidManifest.xml:11:17-82
170            <meta-data
170-->[:firebase_messaging] AndroidManifest.xml:34:13-36:85
171                android:name="com.google.firebase.components:io.flutter.plugins.firebase.messaging.FlutterFirebaseAppRegistrar"
171-->[:firebase_messaging] AndroidManifest.xml:35:17-128
172                android:value="com.google.firebase.components.ComponentRegistrar" />
172-->[:firebase_messaging] AndroidManifest.xml:36:17-82
173            <meta-data
173-->[:firebase_dynamic_links] AndroidManifest.xml:11:13-13:85
174                android:name="com.google.firebase.components:io.flutter.plugins.firebasedynamiclinks.FlutterFirebaseAppRegistrar"
174-->[:firebase_dynamic_links] AndroidManifest.xml:12:17-130
175                android:value="com.google.firebase.components.ComponentRegistrar" />
175-->[:firebase_dynamic_links] AndroidManifest.xml:13:17-82
176            <meta-data
176-->[:firebase_auth] AndroidManifest.xml:9:13-11:85
177                android:name="com.google.firebase.components:io.flutter.plugins.firebase.auth.FlutterFirebaseAuthRegistrar"
177-->[:firebase_auth] AndroidManifest.xml:10:17-124
178                android:value="com.google.firebase.components.ComponentRegistrar" />
178-->[:firebase_auth] AndroidManifest.xml:11:17-82
179            <meta-data
179-->[:firebase_core] AndroidManifest.xml:9:13-11:85
180                android:name="com.google.firebase.components:io.flutter.plugins.firebase.core.FlutterFirebaseCoreRegistrar"
180-->[:firebase_core] AndroidManifest.xml:10:17-124
181                android:value="com.google.firebase.components.ComponentRegistrar" />
181-->[:firebase_core] AndroidManifest.xml:11:17-82
182            <meta-data
182-->[com.google.firebase:firebase-messaging:23.0.8] AndroidManifest.xml:56:13-58:85
183                android:name="com.google.firebase.components:com.google.firebase.messaging.FirebaseMessagingRegistrar"
183-->[com.google.firebase:firebase-messaging:23.0.8] AndroidManifest.xml:57:17-119
184                android:value="com.google.firebase.components.ComponentRegistrar" />
184-->[com.google.firebase:firebase-messaging:23.0.8] AndroidManifest.xml:58:17-82
185            <meta-data
185-->[com.google.firebase:firebase-datatransport:18.1.6] AndroidManifest.xml:28:13-30:85
186                android:name="com.google.firebase.components:com.google.firebase.datatransport.TransportRegistrar"
186-->[com.google.firebase:firebase-datatransport:18.1.6] AndroidManifest.xml:29:17-115
187                android:value="com.google.firebase.components.ComponentRegistrar" />
187-->[com.google.firebase:firebase-datatransport:18.1.6] AndroidManifest.xml:30:17-82
188            <meta-data
188-->[com.google.firebase:firebase-auth:21.0.8] AndroidManifest.xml:67:13-69:85
189                android:name="com.google.firebase.components:com.google.firebase.auth.FirebaseAuthRegistrar"
189-->[com.google.firebase:firebase-auth:21.0.8] AndroidManifest.xml:68:17-109
190                android:value="com.google.firebase.components.ComponentRegistrar" />
190-->[com.google.firebase:firebase-auth:21.0.8] AndroidManifest.xml:69:17-82
191            <meta-data
191-->[com.google.firebase:firebase-dynamic-links:21.0.2] AndroidManifest.xml:27:13-29:85
192                android:name="com.google.firebase.components:com.google.firebase.dynamiclinks.internal.FirebaseDynamicLinkRegistrar"
192-->[com.google.firebase:firebase-dynamic-links:21.0.2] AndroidManifest.xml:28:17-133
193                android:value="com.google.firebase.components.ComponentRegistrar" />
193-->[com.google.firebase:firebase-dynamic-links:21.0.2] AndroidManifest.xml:29:17-82
194            <meta-data
194-->[com.google.firebase:firebase-database:20.0.6] AndroidManifest.xml:32:13-34:85
195                android:name="com.google.firebase.components:com.google.firebase.database.DatabaseRegistrar"
195-->[com.google.firebase:firebase-database:20.0.6] AndroidManifest.xml:33:17-109
196                android:value="com.google.firebase.components.ComponentRegistrar" />
196-->[com.google.firebase:firebase-database:20.0.6] AndroidManifest.xml:34:17-82
197            <meta-data
197-->[com.google.firebase:firebase-installations:17.0.3] AndroidManifest.xml:18:13-20:85
198                android:name="com.google.firebase.components:com.google.firebase.installations.FirebaseInstallationsRegistrar"
198-->[com.google.firebase:firebase-installations:17.0.3] AndroidManifest.xml:19:17-127
199                android:value="com.google.firebase.components.ComponentRegistrar" />
199-->[com.google.firebase:firebase-installations:17.0.3] AndroidManifest.xml:20:17-82
200        </service>
201        <service
201-->[:firebase_messaging] AndroidManifest.xml:12:9-15:72
202            android:name="io.flutter.plugins.firebase.messaging.FlutterFirebaseMessagingBackgroundService"
202-->[:firebase_messaging] AndroidManifest.xml:13:13-107
203            android:exported="false"
203-->[:firebase_messaging] AndroidManifest.xml:14:13-37
204            android:permission="android.permission.BIND_JOB_SERVICE" />
204-->[:firebase_messaging] AndroidManifest.xml:15:13-69
205        <service
205-->[:firebase_messaging] AndroidManifest.xml:16:9-22:19
206            android:name="io.flutter.plugins.firebase.messaging.FlutterFirebaseMessagingService"
206-->[:firebase_messaging] AndroidManifest.xml:17:13-97
207            android:exported="false" >
207-->[:firebase_messaging] AndroidManifest.xml:18:13-37
208            <intent-filter>
208-->[:firebase_messaging] AndroidManifest.xml:19:13-21:29
209                <action android:name="com.google.firebase.MESSAGING_EVENT" />
209-->[:firebase_messaging] AndroidManifest.xml:20:17-78
209-->[:firebase_messaging] AndroidManifest.xml:20:25-75
210            </intent-filter>
211        </service>
212
213        <receiver
213-->[:firebase_messaging] AndroidManifest.xml:24:9-31:20
214            android:name="io.flutter.plugins.firebase.messaging.FlutterFirebaseMessagingReceiver"
214-->[:firebase_messaging] AndroidManifest.xml:25:13-98
215            android:exported="true"
215-->[:firebase_messaging] AndroidManifest.xml:26:13-36
216            android:permission="com.google.android.c2dm.permission.SEND" >
216-->[:firebase_messaging] AndroidManifest.xml:27:13-73
217            <intent-filter>
217-->[:firebase_messaging] AndroidManifest.xml:28:13-30:29
218                <action android:name="com.google.android.c2dm.intent.RECEIVE" />
218-->[:firebase_messaging] AndroidManifest.xml:29:17-81
218-->[:firebase_messaging] AndroidManifest.xml:29:25-78
219            </intent-filter>
220        </receiver>
221
222        <provider
222-->[:firebase_messaging] AndroidManifest.xml:39:9-43:38
223            android:name="io.flutter.plugins.firebase.messaging.FlutterFirebaseMessagingInitProvider"
223-->[:firebase_messaging] AndroidManifest.xml:40:13-102
224            android:authorities="com.eatozfood_user.flutterfirebasemessaginginitprovider"
224-->[:firebase_messaging] AndroidManifest.xml:41:13-88
225            android:exported="false"
225-->[:firebase_messaging] AndroidManifest.xml:42:13-37
226            android:initOrder="99" />
226-->[:firebase_messaging] AndroidManifest.xml:43:13-35
227
228        <service
228-->[:geolocator_android] AndroidManifest.xml:10:9-14:56
229            android:name="com.baseflow.geolocator.GeolocatorLocationService"
229-->[:geolocator_android] AndroidManifest.xml:11:13-77
230            android:enabled="true"
230-->[:geolocator_android] AndroidManifest.xml:12:13-35
231            android:exported="false"
231-->[:geolocator_android] AndroidManifest.xml:13:13-37
232            android:foregroundServiceType="location" />
232-->[:geolocator_android] AndroidManifest.xml:14:13-53
233
234        <receiver
234-->[:flutter_local_notifications] AndroidManifest.xml:14:9-16:40
235            android:name="com.dexterous.flutterlocalnotifications.ScheduledNotificationReceiver"
235-->[:flutter_local_notifications] AndroidManifest.xml:15:13-97
236            android:exported="false" />
236-->[:flutter_local_notifications] AndroidManifest.xml:16:13-37
237        <receiver
237-->[:flutter_local_notifications] AndroidManifest.xml:17:9-26:20
238            android:name="com.dexterous.flutterlocalnotifications.ScheduledNotificationBootReceiver"
238-->[:flutter_local_notifications] AndroidManifest.xml:18:13-101
239            android:exported="false" >
239-->[:flutter_local_notifications] AndroidManifest.xml:19:13-37
240            <intent-filter>
240-->[:flutter_local_notifications] AndroidManifest.xml:20:13-25:29
241                <action android:name="android.intent.action.BOOT_COMPLETED" />
241-->[:flutter_local_notifications] AndroidManifest.xml:21:17-79
241-->[:flutter_local_notifications] AndroidManifest.xml:21:25-76
242                <action android:name="android.intent.action.MY_PACKAGE_REPLACED" />
242-->[:flutter_local_notifications] AndroidManifest.xml:22:17-84
242-->[:flutter_local_notifications] AndroidManifest.xml:22:25-81
243                <action android:name="android.intent.action.QUICKBOOT_POWERON" />
243-->[:flutter_local_notifications] AndroidManifest.xml:23:17-82
243-->[:flutter_local_notifications] AndroidManifest.xml:23:25-79
244                <action android:name="com.htc.intent.action.QUICKBOOT_POWERON" />
244-->[:flutter_local_notifications] AndroidManifest.xml:24:17-82
244-->[:flutter_local_notifications] AndroidManifest.xml:24:25-79
245            </intent-filter>
246        </receiver>
247
248        <activity
248-->[:flutter_inappwebview] AndroidManifest.xml:14:9-18:47
249            android:name="com.pichillilorenzo.flutter_inappwebview.in_app_browser.InAppBrowserActivity"
249-->[:flutter_inappwebview] AndroidManifest.xml:15:13-104
250            android:configChanges="orientation|keyboardHidden|keyboard|screenSize|locale|layoutDirection|fontScale|screenLayout|density"
250-->[:flutter_inappwebview] AndroidManifest.xml:16:13-137
251            android:exported="false"
251-->[:flutter_inappwebview] AndroidManifest.xml:17:13-37
252            android:theme="@style/AppTheme" />
252-->[:flutter_inappwebview] AndroidManifest.xml:18:13-44
253        <activity
253-->[:flutter_inappwebview] AndroidManifest.xml:19:9-22:55
254            android:name="com.pichillilorenzo.flutter_inappwebview.chrome_custom_tabs.ChromeCustomTabsActivity"
254-->[:flutter_inappwebview] AndroidManifest.xml:20:13-112
255            android:exported="false"
255-->[:flutter_inappwebview] AndroidManifest.xml:21:13-37
256            android:theme="@style/ThemeTransparent" />
256-->[:flutter_inappwebview] AndroidManifest.xml:22:13-52
257        <activity
257-->[:flutter_inappwebview] AndroidManifest.xml:23:9-26:55
258            android:name="com.pichillilorenzo.flutter_inappwebview.chrome_custom_tabs.TrustedWebActivity"
258-->[:flutter_inappwebview] AndroidManifest.xml:24:13-106
259            android:exported="false"
259-->[:flutter_inappwebview] AndroidManifest.xml:25:13-37
260            android:theme="@style/ThemeTransparent" />
260-->[:flutter_inappwebview] AndroidManifest.xml:26:13-52
261        <activity
261-->[:flutter_inappwebview] AndroidManifest.xml:27:9-31:55
262            android:name="com.pichillilorenzo.flutter_inappwebview.chrome_custom_tabs.ChromeCustomTabsActivitySingleInstance"
262-->[:flutter_inappwebview] AndroidManifest.xml:28:13-126
263            android:exported="false"
263-->[:flutter_inappwebview] AndroidManifest.xml:29:13-37
264            android:launchMode="singleInstance"
264-->[:flutter_inappwebview] AndroidManifest.xml:30:13-48
265            android:theme="@style/ThemeTransparent" />
265-->[:flutter_inappwebview] AndroidManifest.xml:31:13-52
266        <activity
266-->[:flutter_inappwebview] AndroidManifest.xml:32:9-36:55
267            android:name="com.pichillilorenzo.flutter_inappwebview.chrome_custom_tabs.TrustedWebActivitySingleInstance"
267-->[:flutter_inappwebview] AndroidManifest.xml:33:13-120
268            android:exported="false"
268-->[:flutter_inappwebview] AndroidManifest.xml:34:13-37
269            android:launchMode="singleInstance"
269-->[:flutter_inappwebview] AndroidManifest.xml:35:13-48
270            android:theme="@style/ThemeTransparent" />
270-->[:flutter_inappwebview] AndroidManifest.xml:36:13-52
271
272        <receiver
272-->[:flutter_inappwebview] AndroidManifest.xml:38:9-41:40
273            android:name="com.pichillilorenzo.flutter_inappwebview.chrome_custom_tabs.ActionBroadcastReceiver"
273-->[:flutter_inappwebview] AndroidManifest.xml:39:13-111
274            android:enabled="true"
274-->[:flutter_inappwebview] AndroidManifest.xml:40:13-35
275            android:exported="false" />
275-->[:flutter_inappwebview] AndroidManifest.xml:41:13-37
276
277        <meta-data
277-->[:flutter_inappwebview] AndroidManifest.xml:43:9-45:36
278            android:name="io.flutter.embedded_views_preview"
278-->[:flutter_inappwebview] AndroidManifest.xml:44:13-61
279            android:value="true" />
279-->[:flutter_inappwebview] AndroidManifest.xml:45:13-33
280
281        <provider
281-->[:share] AndroidManifest.xml:8:9-16:20
282            android:name="io.flutter.plugins.share.ShareFileProvider"
282-->[:share] AndroidManifest.xml:9:13-70
283            android:authorities="com.eatozfood_user.flutter.share_provider"
283-->[:share] AndroidManifest.xml:10:13-74
284            android:exported="false"
284-->[:share] AndroidManifest.xml:11:13-37
285            android:grantUriPermissions="true" >
285-->[:share] AndroidManifest.xml:12:13-47
286            <meta-data
286-->[:share] AndroidManifest.xml:13:13-15:68
287                android:name="android.support.FILE_PROVIDER_PATHS"
287-->[:share] AndroidManifest.xml:14:17-67
288                android:resource="@xml/flutter_share_file_paths" />
288-->[:share] AndroidManifest.xml:15:17-65
289        </provider>
290
291        <meta-data
291-->[:stripe_payment] AndroidManifest.xml:12:9-14:36
292            android:name="com.google.android.gms.wallet.api.enabled"
292-->[:stripe_payment] AndroidManifest.xml:13:13-69
293            android:value="true" />
293-->[:stripe_payment] AndroidManifest.xml:14:13-33
294
295        <activity
295-->[:stripe_payment] AndroidManifest.xml:16:9-20:75
296            android:name="com.gettipsi.stripe.OpenBrowserActivity"
296-->[:stripe_payment] AndroidManifest.xml:17:13-67
297            android:exported="false"
297-->[:stripe_payment] AndroidManifest.xml:18:13-37
298            android:launchMode="singleTask"
298-->[:stripe_payment] AndroidManifest.xml:19:13-44